-------------------------------------------------------------------------------
Test set: com.pauldelaney.vendingmachine.dao.VendingMachineAuditDaoFileImplTest
-------------------------------------------------------------------------------
Tests run: 1, Failures: 1, Errors: 0, Skipped: 0, Time elapsed: 0.011 sec <<< FAILURE! - in com.pauldelaney.vendingmachine.dao.VendingMachineAuditDaoFileImplTest
testWriteAuditEntry  Time elapsed: 0.011 sec  <<< FAILURE!
org.opentest4j.AssertionFailedError: One Irn Bru has been removed has been written to the audit file with timestamp.  ==> expected: <2021-08-15T22:53:25.447911: One Irn Bru has been removed.> but was: <>
	at com.pauldelaney.vendingmachine.dao.VendingMachineAuditDaoFileImplTest.testWriteAuditEntry(VendingMachineAuditDaoFileImplTest.java:50)

